
SQL*Loader: Release 21.0.0.0.0 - Production on Сб Авг 27 07:49:07 2022
Version 21.3.0.0.0

Copyright (c) 1982, 2021, Oracle and/or its affiliates.  All rights reserved.

Управляющий файл:      LoadData.ctl
Файл данных:           ..\DataForImportToDB.csv
  Файл плохих записей: DataForImportToDB.bad
  Файл удаленных записей:  ничего не задано
 
 (Разрешить удалять все записи)

Количество записей для загрузки: ALL
Количество для пропуска: 0
Допускается ошибок: 50
Массив привязки:250 строк, макс. из 1048576 байт
Продолжение:    ничего не задано
Использован маршрут:      Условный

Таблица BUF_BUF, загружен из каждой логической записи.
Режим вставки действует для этой таблицы: TRUNCATE

   Имя столбца                  Позиция    Дл.  Огр. Вкл Тип данных
------------------------------ ---------- ----- ---- ---- ---------------------
CLIENT_ID                           FIRST     *   ;       CHARACTER            
CLIENT_NAME                          NEXT     *   ;       CHARACTER            

Запись 1: Забракована - Ошибка в таблице BUF_BUF, столбце CLIENT_ID.
ORA-01722: неверное число


Таблица BUF_BUF:
  3 Строки успешно загружен.
  1 Строка не загружен из-за возникших ошибок данных.
  0 Строки не загружен по причине сбоя всех фраз WHEN.
  0 Строки не загружен, так как все поля имели неопределенное значение.


Для массива привязки отведено:                 129000 байт(250 строк)
Байтов буфера чтения: 1048576

Общее количество пропущенных логических записей:          0
Общее количество считанных логических записей:             4
Общее количество отклоненных логических записей:         1
Общее количество удаленных логических записей:        0

Прогон начался в Сб Авг 27 07:49:07 2022
Прогон кончился в Сб Авг 27 07:49:07 2022

Общее время:          00:00:00.37
Процессорное время:   00:00:00.21
